   Build using "/tools/Xilinx/Vitis_HLS/2020.2/tps/lnx64/gcc-6.2.0/bin/g++"
   Compiling apatb_activity_kernel.cpp
   Compiling (apcc) activity_kernel.c_pre.c.tb.c
INFO: [HLS 200-10] Running '/tools/Xilinx/Vivado/2020.2/bin/unwrapped/lnx64.o/apcc'
INFO: [HLS 200-10] For user 'mikesinouye' on host 'NZXT-H1-Ubuntu' (Linux_x86_64 version 5.8.0-49-generic) on Thu Apr 15 23:44:09 MST 2021
INFO: [HLS 200-10] On os Ubuntu 20.04.2 LTS
INFO: [HLS 200-10] In directory '/home/mikesinouye/ECE576b/mike/activity/activity_hls/solution1/sim/wrapc'
clang: warning: argument unused during compilation: '-fno-builtin-isinf'
clang: warning: argument unused during compilation: '-fno-builtin-isnan'
INFO: [APCC 202-3] Tmp directory is /tmp/apcc_db_mikesinouye/95821618555449196112
INFO: [APCC 202-1] APCC is done.
   Compiling (apcc) activity.c_pre.c.tb.c
INFO: [HLS 200-10] Running '/tools/Xilinx/Vivado/2020.2/bin/unwrapped/lnx64.o/apcc'
INFO: [HLS 200-10] For user 'mikesinouye' on host 'NZXT-H1-Ubuntu' (Linux_x86_64 version 5.8.0-49-generic) on Thu Apr 15 23:44:12 MST 2021
INFO: [HLS 200-10] On os Ubuntu 20.04.2 LTS
INFO: [HLS 200-10] In directory '/home/mikesinouye/ECE576b/mike/activity/activity_hls/solution1/sim/wrapc'
clang: warning: argument unused during compilation: '-fno-builtin-isinf'
clang: warning: argument unused during compilation: '-fno-builtin-isnan'
INFO: [APCC 202-3] Tmp directory is /tmp/apcc_db_mikesinouye/96371618555452379676
INFO: [APCC 202-1] APCC is done.
   Compiling apatb_activity_kernel_ir.ll
   Generating cosim.tv.exe
