INFO: [HLS 200-10] Running '/tools/Xilinx/Vitis_HLS/2020.2/bin/unwrapped/lnx64.o/vitis_hls'
INFO: [HLS 200-10] For user 'mikesinouye' on host 'NZXT-H1-Ubuntu' (Linux_x86_64 version 5.8.0-49-generic) on Thu Apr 15 23:44:02 MST 2021
INFO: [HLS 200-10] On os Ubuntu 20.04.2 LTS
INFO: [HLS 200-10] In directory '/home/mikesinouye/ECE576b/mike/activity'
Sourcing Tcl script '/home/mikesinouye/ECE576b/mike/activity/activity_hls/solution1/cosim.tcl'
INFO: [HLS 200-1510] Running: open_project activity_hls 
INFO: [HLS 200-10] Opening project '/home/mikesinouye/ECE576b/mike/activity/activity_hls'.
INFO: [HLS 200-1510] Running: set_top activity_kernel 
INFO: [HLS 200-1510] Running: add_files activity_kernel.c 
INFO: [HLS 200-10] Adding design file 'activity_kernel.c' to the project
INFO: [HLS 200-1510] Running: add_files -tb activity.c 
INFO: [HLS 200-10] Adding test bench file 'activity.c' to the project
INFO: [HLS 200-1510] Running: add_files -tb test-100.ts 
INFO: [HLS 200-10] Adding test bench file 'test-100.ts' to the project
INFO: [HLS 200-1510] Running: add_files -tb test-activity-out-golden 
INFO: [HLS 200-10] Adding test bench file 'test-activity-out-golden' to the project
INFO: [HLS 200-1510] Running: open_solution solution1 -flow_target vivado 
INFO: [HLS 200-10] Opening solution '/home/mikesinouye/ECE576b/mike/activity/activity_hls/solution1'.
INFO: [SYN 201-201] Setting up clock 'default' with a period of 60ns.
INFO: [SYN 201-201] Setting up clock 'default' with an uncertainty of 0ns.
INFO: [HLS 200-10] Setting target device to 'xc7z100i-ffv900-2L'
INFO: [HLS 200-1505] Using flow_target 'vivado'
Resolution: For help on HLS 200-1505 see www.xilinx.com/cgi-bin/docs/rdoc?v=2020.2;t=hls+guidance;d=200-1505.html
INFO: [HLS 200-1510] Running: set_part xc7z100iffv900-2L 
INFO: [HLS 200-1510] Running: create_clock -period 60 -name default 
INFO: [SYN 201-201] Setting up clock 'default' with a period of 60ns.
INFO: [HLS 200-1510] Running: set_clock_uncertainty 0 
INFO: [HLS 200-1510] Running: cosim_design 
INFO: [COSIM 212-47] Using XSIM for RTL simulation.
INFO: [COSIM 212-14] Instrumenting C test bench ...
   Build using "/tools/Xilinx/Vitis_HLS/2020.2/tps/lnx64/gcc-6.2.0/bin/g++"
   Compiling apatb_activity_kernel.cpp
   Compiling (apcc) activity_kernel.c_pre.c.tb.c
INFO: [HLS 200-10] Running '/tools/Xilinx/Vivado/2020.2/bin/unwrapped/lnx64.o/apcc'
INFO: [HLS 200-10] For user 'mikesinouye' on host 'NZXT-H1-Ubuntu' (Linux_x86_64 version 5.8.0-49-generic) on Thu Apr 15 23:44:09 MST 2021
INFO: [HLS 200-10] On os Ubuntu 20.04.2 LTS
INFO: [HLS 200-10] In directory '/home/mikesinouye/ECE576b/mike/activity/activity_hls/solution1/sim/wrapc'
clang: warning: argument unused during compilation: '-fno-builtin-isinf'
clang: warning: argument unused during compilation: '-fno-builtin-isnan'
INFO: [APCC 202-3] Tmp directory is /tmp/apcc_db_mikesinouye/95821618555449196112
INFO: [APCC 202-1] APCC is done.
   Compiling (apcc) activity.c_pre.c.tb.c
INFO: [HLS 200-10] Running '/tools/Xilinx/Vivado/2020.2/bin/unwrapped/lnx64.o/apcc'
INFO: [HLS 200-10] For user 'mikesinouye' on host 'NZXT-H1-Ubuntu' (Linux_x86_64 version 5.8.0-49-generic) on Thu Apr 15 23:44:12 MST 2021
INFO: [HLS 200-10] On os Ubuntu 20.04.2 LTS
INFO: [HLS 200-10] In directory '/home/mikesinouye/ECE576b/mike/activity/activity_hls/solution1/sim/wrapc'
clang: warning: argument unused during compilation: '-fno-builtin-isinf'
clang: warning: argument unused during compilation: '-fno-builtin-isnan'
INFO: [APCC 202-3] Tmp directory is /tmp/apcc_db_mikesinouye/96371618555452379676
INFO: [APCC 202-1] APCC is done.
   Compiling apatb_activity_kernel_ir.ll
   Generating cosim.tv.exe
INFO: [COSIM 212-302] Starting C TB testing ... 
Files test-activity-out-golden and test-activity-out.txt differ
Incorrect input file! Using test input: "test-100.ts" 
Test failed  !!!
ERROR: [COSIM 212-359] Aborting co-simulation: C TB simulation failed, nonzero return value '1'.
ERROR: [COSIM 212-320] C TB testing failed, stop generating test vectors. Please check C TB or re-run cosim.
ERROR: [COSIM 212-5] *** C/RTL co-simulation file generation failed. ***
ERROR: [COSIM 212-4] *** C/RTL co-simulation finished: FAIL ***
INFO: [HLS 200-111] Finished Command cosim_design CPU user time: 7.12 seconds. CPU system time: 2.77 seconds. Elapsed time: 11.17 seconds; current allocated memory: 156.118 MB.
command 'ap_source' returned error code
    while executing
"source /home/mikesinouye/ECE576b/mike/activity/activity_hls/solution1/cosim.tcl"
    invoked from within
"hls::main /home/mikesinouye/ECE576b/mike/activity/activity_hls/solution1/cosim.tcl"
    ("uplevel" body line 1)
    invoked from within
"uplevel 1 hls::main {*}$newargs"
    (procedure "hls_proc" line 16)
    invoked from within
"hls_proc [info nameofexecutable] $argv"
